2024-05-28 23:32:30 ::1 /
2024-05-28 23:32:34 ::1 /
2024-05-28 23:32:50 ::1 /
2024-05-28 23:32:58 ::1 /
2024-05-28 23:33:01 ::1 /
2024-05-28 23:33:17 ::1 /
2024-05-28 23:33:48 ::1 /
2024-05-28 23:34:17 ::1 /
2024-05-28 23:34:20 ::1 /
2024-05-28 23:34:25 ::1 /
2024-05-28 23:34:49 ::1 /
2024-05-28 23:35:33 ::1 /
2024-05-28 23:35:37 ::1 /
2024-05-28 23:35:53 ::1 /home
2024-05-28 23:36:11 ::1 /
2024-05-28 23:36:41 ::1 /
2024-05-28 23:36:41 ::1 /
2024-05-28 23:36:45 ::1 /home
2024-05-28 23:37:26 ::1 /home
2024-05-28 23:37:26 ::1 /home
2024-05-28 23:37:26 ::1 /favicon.ico
2024-05-28 23:37:30 ::1 /
2024-05-28 23:37:44 ::1 /about
2024-05-28 23:37:50 ::1 /abcd
